<?xml version="1.0" encoding="UTF-8" ?>
<testsuites name="vitest tests" tests="1605" failures="0" errors="0" time="37.78">
    <testsuite name="projects/tests/dbs/sql-lite.spec.ts" timestamp="2023-12-25T12:58:02.605Z" hostname="Noamnew2018" tests="83" failures="0" errors="0" skipped="1" time="0.406">
        <testcase classname="projects/tests/dbs/sql-lite.spec.ts" name="Sql Lite &gt; what" time="0.03">
        </testcase>
        <testcase classname="projects/tests/dbs/sql-lite.spec.ts" name="Sql Lite &gt; data types" time="0.002">
        </testcase>
        <testcase classname="projects/tests/dbs/sql-lite.spec.ts" name="Sql Lite &gt; filter works on all db" time="0.006">
        </testcase>
        <testcase classname="projects/tests/dbs/sql-lite.spec.ts" name="Sql Lite &gt; test in statement and " time="0.007">
        </testcase>
        <testcase classname="projects/tests/dbs/sql-lite.spec.ts" name="Sql Lite &gt; filter with and" time="0.005">
        </testcase>
        <testcase classname="projects/tests/dbs/sql-lite.spec.ts" name="Sql Lite &gt; test empty in" time="0.003">
        </testcase>
        <testcase classname="projects/tests/dbs/sql-lite.spec.ts" name="Sql Lite &gt; filter works on all db or" time="0.005">
        </testcase>
        <testcase classname="projects/tests/dbs/sql-lite.spec.ts" name="Sql Lite &gt; filter works on all db or_1" time="0.004">
        </testcase>
        <testcase classname="projects/tests/dbs/sql-lite.spec.ts" name="Sql Lite &gt; filter works on all db or_2" time="0.003">
        </testcase>
        <testcase classname="projects/tests/dbs/sql-lite.spec.ts" name="Sql Lite &gt; filter with or and and" time="0.004">
        </testcase>
        <testcase classname="projects/tests/dbs/sql-lite.spec.ts" name="Sql Lite &gt; entity with different id column still works well" time="0.005">
        </testcase>
        <testcase classname="projects/tests/dbs/sql-lite.spec.ts" name="Sql Lite &gt; empty find works" time="0.003">
        </testcase>
        <testcase classname="projects/tests/dbs/sql-lite.spec.ts" name="Sql Lite &gt; test descending" time="0.004">
        </testcase>
        <testcase classname="projects/tests/dbs/sql-lite.spec.ts" name="Sql Lite &gt; test descending 2" time="0.004">
        </testcase>
        <testcase classname="projects/tests/dbs/sql-lite.spec.ts" name="Sql Lite &gt; partial updates" time="0.006">
        </testcase>
        <testcase classname="projects/tests/dbs/sql-lite.spec.ts" name="Sql Lite &gt; put with validations on entity fails" time="0.007">
        </testcase>
        <testcase classname="projects/tests/dbs/sql-lite.spec.ts" name="Sql Lite &gt; test date only with null works" time="0.009">
        </testcase>
        <testcase classname="projects/tests/dbs/sql-lite.spec.ts" name="Sql Lite &gt; test date with null works" time="0.01">
        </testcase>
        <testcase classname="projects/tests/dbs/sql-lite.spec.ts" name="Sql Lite &gt; test original value of date" time="0.002">
        </testcase>
        <testcase classname="projects/tests/dbs/sql-lite.spec.ts" name="Sql Lite &gt; test string with null works" time="0.002">
        </testcase>
        <testcase classname="projects/tests/dbs/sql-lite.spec.ts" name="Sql Lite &gt; test tasks" time="0.006">
        </testcase>
        <testcase classname="projects/tests/dbs/sql-lite.spec.ts" name="Sql Lite &gt; test filtering of null/&apos;&apos;" time="0.005">
        </testcase>
        <testcase classname="projects/tests/dbs/sql-lite.spec.ts" name="Sql Lite &gt; test paging with complex object" time="0.012">
        </testcase>
        <testcase classname="projects/tests/dbs/sql-lite.spec.ts" name="Sql Lite &gt; test paging with complex object_2" time="0.005">
        </testcase>
        <testcase classname="projects/tests/dbs/sql-lite.spec.ts" name="Sql Lite &gt; test filter doesn&apos;t collapse" time="0.008">
        </testcase>
        <testcase classname="projects/tests/dbs/sql-lite.spec.ts" name="Sql Lite &gt; test filter doesn&apos;t collapse" time="0.005">
        </testcase>
        <testcase classname="projects/tests/dbs/sql-lite.spec.ts" name="Sql Lite &gt; test that it works with inheritance" time="0.006">
        </testcase>
        <testcase classname="projects/tests/dbs/sql-lite.spec.ts" name="Sql Lite &gt; put with validations on column fails" time="0.006">
        </testcase>
        <testcase classname="projects/tests/dbs/sql-lite.spec.ts" name="Sql Lite &gt; Insert" time="0.003">
        </testcase>
        <testcase classname="projects/tests/dbs/sql-lite.spec.ts" name="Sql Lite &gt; test delete" time="0.004">
        </testcase>
        <testcase classname="projects/tests/dbs/sql-lite.spec.ts" name="Sql Lite &gt; test filter packer" time="0.007">
        </testcase>
        <testcase classname="projects/tests/dbs/sql-lite.spec.ts" name="Sql Lite &gt; Test unique Validation," time="0.004">
        </testcase>
        <testcase classname="projects/tests/dbs/sql-lite.spec.ts" name="Sql Lite &gt; Test unique Validation 2" time="0.003">
        </testcase>
        <testcase classname="projects/tests/dbs/sql-lite.spec.ts" name="Sql Lite &gt; test that integer and int work" time="0.002">
        </testcase>
        <testcase classname="projects/tests/dbs/sql-lite.spec.ts" name="Sql Lite &gt; post with logic works and max in entity" time="0.002">
        </testcase>
        <testcase classname="projects/tests/dbs/sql-lite.spec.ts" name="Sql Lite &gt; get array works with filter in body" time="0.007">
        </testcase>
        <testcase classname="projects/tests/dbs/sql-lite.spec.ts" name="Sql Lite &gt; entity order by works" time="0.006">
        </testcase>
        <testcase classname="projects/tests/dbs/sql-lite.spec.ts" name="Sql Lite &gt; put with validation works" time="0.007">
        </testcase>
        <testcase classname="projects/tests/dbs/sql-lite.spec.ts" name="Sql Lite &gt; saves correctly to db" time="0.003">
        </testcase>
        <testcase classname="projects/tests/dbs/sql-lite.spec.ts" name="Sql Lite &gt; auto increment can&apos;t be affected by insert or update" time="0.003">
        </testcase>
        <testcase classname="projects/tests/dbs/sql-lite.spec.ts" name="Sql Lite &gt; Paging" time="0.005">
        </testcase>
        <testcase classname="projects/tests/dbs/sql-lite.spec.ts" name="Sql Lite &gt; filter" time="0.003">
        </testcase>
        <testcase classname="projects/tests/dbs/sql-lite.spec.ts" name="Sql Lite &gt; filter 2_1" time="0.002">
        </testcase>
        <testcase classname="projects/tests/dbs/sql-lite.spec.ts" name="Sql Lite &gt; filter 2" time="0.004">
        </testcase>
        <testcase classname="projects/tests/dbs/sql-lite.spec.ts" name="Sql Lite &gt; filter 3" time="0.003">
        </testcase>
        <testcase classname="projects/tests/dbs/sql-lite.spec.ts" name="Sql Lite &gt; filter 4" time="0.003">
        </testcase>
        <testcase classname="projects/tests/dbs/sql-lite.spec.ts" name="Sql Lite &gt; large string field" time="0.003">
        </testcase>
        <testcase classname="projects/tests/dbs/sql-lite.spec.ts" name="Sql Lite &gt; task with enum string" time="0.006">
        </testcase>
        <testcase classname="projects/tests/dbs/sql-lite.spec.ts" name="Sql Lite &gt; test transaction rollback" time="0.005">
        </testcase>
        <testcase classname="projects/tests/dbs/sql-lite.spec.ts" name="Sql Lite &gt; transactions" time="0.002">
        </testcase>
        <testcase classname="projects/tests/dbs/sql-lite.spec.ts" name="Sql Lite &gt; transactions 1" time="0.003">
        </testcase>
        <testcase classname="projects/tests/dbs/sql-lite.spec.ts" name="Sql Lite &gt; transaction should fully rollback if one fail" time="0.005">
        </testcase>
        <testcase classname="projects/tests/dbs/sql-lite.spec.ts" name="Sql Lite &gt; test date" time="0.002">
        </testcase>
        <testcase classname="projects/tests/dbs/sql-lite.spec.ts" name="Sql Lite &gt; test live query storage" time="0.005">
        </testcase>
        <testcase classname="projects/tests/dbs/sql-lite.spec.ts" name="Sql Lite &gt; test contains with names with casing" time="0.004">
        </testcase>
        <testcase classname="projects/tests/dbs/sql-lite.spec.ts" name="Sql Lite &gt; test not-contains with names with casing" time="0.005">
        </testcase>
        <testcase classname="projects/tests/dbs/sql-lite.spec.ts" name="Sql Lite &gt; test live query storage" time="0.008">
        </testcase>
        <testcase classname="projects/tests/dbs/sql-lite.spec.ts" name="Sql Lite &gt; test json structure using object" time="0.002">
        </testcase>
        <testcase classname="projects/tests/dbs/sql-lite.spec.ts" name="Sql Lite &gt; test object entity" time="0.003">
        </testcase>
        <testcase classname="projects/tests/dbs/sql-lite.spec.ts" name="Sql Lite &gt; test object entity" time="0.002">
        </testcase>
        <testcase classname="projects/tests/dbs/sql-lite.spec.ts" name="Sql Lite &gt; test json structure" time="0.003">
        </testcase>
        <testcase classname="projects/tests/dbs/sql-lite.spec.ts" name="Sql Lite &gt; test json structure 2" time="0.005">
        </testcase>
        <testcase classname="projects/tests/dbs/sql-lite.spec.ts" name="Sql Lite &gt; test json structure 3" time="0.002">
        </testcase>
        <testcase classname="projects/tests/dbs/sql-lite.spec.ts" name="Sql Lite &gt; test relation to number id" time="0.008">
        </testcase>
        <testcase classname="projects/tests/dbs/sql-lite.spec.ts" name="Sql Lite &gt; test relation to string id" time="0.008">
        </testcase>
        <testcase classname="projects/tests/dbs/sql-lite.spec.ts" name="Sql Lite &gt; test update doesn&apos;t override other values" time="0.009">
        </testcase>
        <testcase classname="projects/tests/dbs/sql-lite.spec.ts" name="Sql Lite &gt; test update doesn&apos;t validate non included fields" time="0.006">
        </testcase>
        <testcase classname="projects/tests/dbs/sql-lite.spec.ts" name="Sql Lite &gt; test date" time="0.002">
        </testcase>
        <testcase classname="projects/tests/dbs/sql-lite.spec.ts" name="Sql Lite &gt; task with enum" time="0.004">
        </testcase>
        <testcase classname="projects/tests/dbs/sql-lite.spec.ts" name="Sql Lite &gt; custom id column &gt; basic test" time="0.002">
        </testcase>
        <testcase classname="projects/tests/dbs/sql-lite.spec.ts" name="Sql Lite &gt; custom id column &gt; basic test id column not first column" time="0.005">
        </testcase>
        <testcase classname="projects/tests/dbs/sql-lite.spec.ts" name="Sql Lite &gt; test that update null works" time="0.005">
        </testcase>
        <testcase classname="projects/tests/dbs/sql-lite.spec.ts" name="Sql Lite &gt; test number with null" time="0.003">
        </testcase>
        <testcase classname="projects/tests/dbs/sql-lite.spec.ts" name="Sql Lite &gt; test save and load" time="0.003">
        </testcase>
        <testcase classname="projects/tests/dbs/sql-lite.spec.ts" name="Sql Lite &gt; test2 save and load" time="0.002">
        </testcase>
        <testcase classname="projects/tests/dbs/sql-lite.spec.ts" name="Sql Lite &gt; knex with filter" time="0.004">
        </testcase>
        <testcase classname="projects/tests/dbs/sql-lite.spec.ts" name="Sql Lite &gt; work with native knex3" time="0.004">
        </testcase>
        <testcase classname="projects/tests/dbs/sql-lite.spec.ts" name="Sql Lite &gt; work with native knex" time="0.003">
        </testcase>
        <testcase classname="projects/tests/dbs/sql-lite.spec.ts" name="Sql Lite &gt; work with native knex2" time="0.007">
        </testcase>
        <testcase classname="projects/tests/dbs/sql-lite.spec.ts" name="Sql Lite &gt; knex filter" time="0.004">
        </testcase>
        <testcase classname="projects/tests/dbs/sql-lite.spec.ts" name="Sql Lite &gt; knex filter2" time="0.006">
        </testcase>
        <testcase classname="projects/tests/dbs/sql-lite.spec.ts" name="Sql Lite &gt; default order by" time="0.006">
        </testcase>
        <testcase classname="projects/tests/dbs/sql-lite.spec.ts" name="Sql Lite &gt; test sql expression" time="0">
            <skipped/>
        </testcase>
    </testsuite>
    <testsuite name="projects/tests/async-hooks.spec.ts" timestamp="2023-12-25T12:58:02.626Z" hostname="Noamnew2018" tests="1" failures="0" errors="0" skipped="0" time="0.025">
        <testcase classname="projects/tests/async-hooks.spec.ts" name="test async hooks and static remult" time="0.024">
        </testcase>
    </testsuite>
    <testsuite name="projects/tests/backendmethod-context-awareness.spec.ts" timestamp="2023-12-25T12:58:02.626Z" hostname="Noamnew2018" tests="5" failures="0" errors="0" skipped="0" time="0.012">
        <testcase classname="projects/tests/backendmethod-context-awareness.spec.ts" name="backend method context awareness &gt; getting error when async was initialized" time="0.001">
        </testcase>
        <testcase classname="projects/tests/backendmethod-context-awareness.spec.ts" name="backend method context awareness &gt; test run works" time="0">
        </testcase>
        <testcase classname="projects/tests/backendmethod-context-awareness.spec.ts" name="backend method context awareness &gt; test run works and returns" time="0.001">
        </testcase>
        <testcase classname="projects/tests/backendmethod-context-awareness.spec.ts" name="backend method context awareness &gt; test run works and returns Promise" time="0.007">
        </testcase>
        <testcase classname="projects/tests/backendmethod-context-awareness.spec.ts" name="backend method context awareness &gt; testing " time="0.001">
        </testcase>
    </testsuite>
    <testsuite name="projects/tests/from-and-to-json.spec.ts" timestamp="2023-12-25T12:58:02.628Z" hostname="Noamnew2018" tests="8" failures="0" errors="0" skipped="0" time="0.023">
        <testcase classname="projects/tests/from-and-to-json.spec.ts" name="Test sync from and to json &gt; test that it works" time="0.003">
        </testcase>
        <testcase classname="projects/tests/from-and-to-json.spec.ts" name="Test sync from and to json &gt; test without loading it works" time="0.01">
        </testcase>
        <testcase classname="projects/tests/from-and-to-json.spec.ts" name="Test sync from and to json &gt; test with loading it works" time="0.002">
        </testcase>
        <testcase classname="projects/tests/from-and-to-json.spec.ts" name="Test sync from and to json &gt; test category" time="0.001">
        </testcase>
        <testcase classname="projects/tests/from-and-to-json.spec.ts" name="Test sync from and to json &gt; test with null category" time="0.001">
        </testcase>
        <testcase classname="projects/tests/from-and-to-json.spec.ts" name="Test sync from and to json &gt; works with array" time="0.001">
        </testcase>
        <testcase classname="projects/tests/from-and-to-json.spec.ts" name="Test sync from and to json &gt; works with lazy" time="0.002">
        </testcase>
        <testcase classname="projects/tests/from-and-to-json.spec.ts" name="Test sync from and to json &gt; works with lazy two" time="0.002">
        </testcase>
    </testsuite>
    <testsuite name="projects/tests/graphql.spec.ts" timestamp="2023-12-25T12:58:02.630Z" hostname="Noamnew2018" tests="28" failures="0" errors="0" skipped="0" time="0.508">
        <testcase classname="projects/tests/graphql.spec.ts" name="graphql &gt; test nodes" time="0.083">
        </testcase>
        <testcase classname="projects/tests/graphql.spec.ts" name="graphql &gt; test where translator" time="0.024">
        </testcase>
        <testcase classname="projects/tests/graphql.spec.ts" name="graphql &gt; test where translator in" time="0.012">
        </testcase>
        <testcase classname="projects/tests/graphql.spec.ts" name="graphql &gt; test where" time="0.024">
        </testcase>
        <testcase classname="projects/tests/graphql.spec.ts" name="graphql &gt; test where eq" time="0.028">
        </testcase>
        <testcase classname="projects/tests/graphql.spec.ts" name="graphql &gt; test where in" time="0.019">
        </testcase>
        <testcase classname="projects/tests/graphql.spec.ts" name="graphql &gt; test where or" time="0.016">
        </testcase>
        <testcase classname="projects/tests/graphql.spec.ts" name="graphql &gt; test where not in" time="0.014">
        </testcase>
        <testcase classname="projects/tests/graphql.spec.ts" name="graphql &gt; test contains" time="0.016">
        </testcase>
        <testcase classname="projects/tests/graphql.spec.ts" name="graphql &gt; test not contains" time="0.014">
        </testcase>
        <testcase classname="projects/tests/graphql.spec.ts" name="graphql &gt; gets related entities" time="0.014">
        </testcase>
        <testcase classname="projects/tests/graphql.spec.ts" name="graphql &gt; test get single task by id" time="0.015">
        </testcase>
        <testcase classname="projects/tests/graphql.spec.ts" name="graphql &gt; test count" time="0.02">
        </testcase>
        <testcase classname="projects/tests/graphql.spec.ts" name="graphql &gt; test count two" time="0.015">
        </testcase>
        <testcase classname="projects/tests/graphql.spec.ts" name="graphql &gt; test limit no page no offset" time="0.015">
        </testcase>
        <testcase classname="projects/tests/graphql.spec.ts" name="graphql &gt; test limit page 2, offset 2" time="0.018">
        </testcase>
        <testcase classname="projects/tests/graphql.spec.ts" name="graphql &gt; test limit page 3, offset 4" time="0.017">
        </testcase>
        <testcase classname="projects/tests/graphql.spec.ts" name="graphql &gt; test mutation delete" time="0.012">
        </testcase>
        <testcase classname="projects/tests/graphql.spec.ts" name="graphql &gt; test mutation create" time="0.016">
        </testcase>
        <testcase classname="projects/tests/graphql.spec.ts" name="graphql &gt; test mutation create clientMutationId" time="0.011">
        </testcase>
        <testcase classname="projects/tests/graphql.spec.ts" name="graphql &gt; test mutation update" time="0.019">
        </testcase>
        <testcase classname="projects/tests/graphql.spec.ts" name="graphql &gt; test mutation generic error" time="0.012">
        </testcase>
        <testcase classname="projects/tests/graphql.spec.ts" name="graphql &gt; test mutation validation error" time="0.014">
        </testcase>
        <testcase classname="projects/tests/graphql.spec.ts" name="graphql &gt; test mutation update validation error" time="0.01">
        </testcase>
        <testcase classname="projects/tests/graphql.spec.ts" name="graphql &gt; test graphql" time="0.014">
        </testcase>
        <testcase classname="projects/tests/graphql.spec.ts" name="graphql &gt; test basics" time="0.008">
        </testcase>
        <testcase classname="projects/tests/graphql.spec.ts" name="graphql &gt; test allow api delete" time="0.017">
        </testcase>
        <testcase classname="projects/tests/graphql.spec.ts" name="graphql &gt; test allow api create" time="0.009">
        </testcase>
    </testsuite>
    <testsuite name="projects/tests/test-load-for-find-id.spec.ts" timestamp="2023-12-25T12:58:02.637Z" hostname="Noamnew2018" tests="1" failures="0" errors="0" skipped="0" time="0.014">
        <testcase classname="projects/tests/test-load-for-find-id.spec.ts" name="test load for find id &gt; test basic" time="0.013">
        </testcase>
    </testsuite>
    <testsuite name="projects/tests/backend-tests/test-express-server.spec.ts" timestamp="2023-12-25T12:58:02.638Z" hostname="Noamnew2018" tests="13" failures="0" errors="0" skipped="0" time="1.229">
        <testcase classname="projects/tests/backend-tests/test-express-server.spec.ts" name="test express server &gt; works" time="0.105">
        </testcase>
        <testcase classname="projects/tests/backend-tests/test-express-server.spec.ts" name="test express server &gt; test regular api call" time="0.043">
        </testcase>
        <testcase classname="projects/tests/backend-tests/test-express-server.spec.ts" name="test express server &gt; test multiple items" time="0.053">
        </testcase>
        <testcase classname="projects/tests/backend-tests/test-express-server.spec.ts" name="test express server &gt; validation" time="0.049">
            <system-err>
{
  message: [32m&apos;Title: Should not be empty&apos;[39m,
  stack: [90mundefined[39m,
  url: [32m&apos;/api/tasks&apos;[39m,
  method: [32m&apos;POST&apos;[39m
}

            </system-err>
        </testcase>
        <testcase classname="projects/tests/backend-tests/test-express-server.spec.ts" name="test express server &gt; forbidden" time="0.005">
        </testcase>
        <testcase classname="projects/tests/backend-tests/test-express-server.spec.ts" name="test express server &gt; test queued job" time="0.44">
        </testcase>
        <testcase classname="projects/tests/backend-tests/test-express-server.spec.ts" name="test express server &gt; test static remult" time="0.049">
        </testcase>
        <testcase classname="projects/tests/backend-tests/test-express-server.spec.ts" name="test express server &gt; test injected remult" time="0.054">
        </testcase>
        <testcase classname="projects/tests/backend-tests/test-express-server.spec.ts" name="test express server &gt; test http 404" time="0.053">
        </testcase>
        <testcase classname="projects/tests/backend-tests/test-express-server.spec.ts" name="test express server &gt; test http 201" time="0.013">
        </testcase>
        <testcase classname="projects/tests/backend-tests/test-express-server.spec.ts" name="test express server &gt; test regular api call" time="0.052">
        </testcase>
        <testcase classname="projects/tests/backend-tests/test-express-server.spec.ts" name="test express server &gt; test live query" time="0.29">
        </testcase>
        <testcase classname="projects/tests/backend-tests/test-express-server.spec.ts" name="test express server &gt; test open api" time="0.008">
        </testcase>
    </testsuite>
    <testsuite name="projects/tests/backend-tests/test-fastify-server.spec.ts" timestamp="2023-12-25T12:58:02.641Z" hostname="Noamnew2018" tests="12" failures="0" errors="0" skipped="0" time="1.276">
        <testcase classname="projects/tests/backend-tests/test-fastify-server.spec.ts" name="test fastify server &gt; works" time="0.162">
        </testcase>
        <testcase classname="projects/tests/backend-tests/test-fastify-server.spec.ts" name="test fastify server &gt; test regular api call" time="0.047">
        </testcase>
        <testcase classname="projects/tests/backend-tests/test-fastify-server.spec.ts" name="test fastify server &gt; test multiple items" time="0.046">
        </testcase>
        <testcase classname="projects/tests/backend-tests/test-fastify-server.spec.ts" name="test fastify server &gt; validation" time="0.053">
            <system-err>
{
  message: [32m&apos;Title: Should not be empty&apos;[39m,
  stack: [90mundefined[39m,
  url: [32m&apos;/api/tasks&apos;[39m,
  method: [32m&apos;POST&apos;[39m
}

            </system-err>
        </testcase>
        <testcase classname="projects/tests/backend-tests/test-fastify-server.spec.ts" name="test fastify server &gt; forbidden" time="0.013">
        </testcase>
        <testcase classname="projects/tests/backend-tests/test-fastify-server.spec.ts" name="test fastify server &gt; test queued job" time="0.421">
        </testcase>
        <testcase classname="projects/tests/backend-tests/test-fastify-server.spec.ts" name="test fastify server &gt; test static remult" time="0.039">
        </testcase>
        <testcase classname="projects/tests/backend-tests/test-fastify-server.spec.ts" name="test fastify server &gt; test injected remult" time="0.046">
        </testcase>
        <testcase classname="projects/tests/backend-tests/test-fastify-server.spec.ts" name="test fastify server &gt; test http 404" time="0.045">
        </testcase>
        <testcase classname="projects/tests/backend-tests/test-fastify-server.spec.ts" name="test fastify server &gt; test http 201" time="0.009">
        </testcase>
        <testcase classname="projects/tests/backend-tests/test-fastify-server.spec.ts" name="test fastify server &gt; test regular api call" time="0.049">
        </testcase>
        <testcase classname="projects/tests/backend-tests/test-fastify-server.spec.ts" name="test fastify server &gt; test live query" time="0.283">
        </testcase>
    </testsuite>
    <testsuite name="projects/tests/backend-tests/test-hapi.spec.ts" timestamp="2023-12-25T12:58:02.646Z" hostname="Noamnew2018" tests="12" failures="0" errors="0" skipped="0" time="1.293">
        <testcase classname="projects/tests/backend-tests/test-hapi.spec.ts" name="test hapi server &gt; works" time="0.101">
        </testcase>
        <testcase classname="projects/tests/backend-tests/test-hapi.spec.ts" name="test hapi server &gt; test regular api call" time="0.048">
        </testcase>
        <testcase classname="projects/tests/backend-tests/test-hapi.spec.ts" name="test hapi server &gt; test multiple items" time="0.053">
        </testcase>
        <testcase classname="projects/tests/backend-tests/test-hapi.spec.ts" name="test hapi server &gt; validation" time="0.047">
            <system-err>
{
  message: [32m&apos;Title: Should not be empty&apos;[39m,
  stack: [90mundefined[39m,
  url: URL {
    href: [32m&apos;http://127.0.0.1:3010/api/tasks&apos;[39m,
    origin: [32m&apos;http://127.0.0.1:3010&apos;[39m,
    protocol: [32m&apos;http:&apos;[39m,
    username: [32m&apos;&apos;[39m,
    password: [32m&apos;&apos;[39m,
    host: [32m&apos;127.0.0.1:3010&apos;[39m,
    hostname: [32m&apos;127.0.0.1&apos;[39m,
    port: [32m&apos;3010&apos;[39m,
    pathname: [32m&apos;/api/tasks&apos;[39m,
    search: [32m&apos;&apos;[39m,
    searchParams: URLSearchParams {},
    hash: [32m&apos;&apos;[39m
  },
  method: [32m&apos;post&apos;[39m
}

            </system-err>
        </testcase>
        <testcase classname="projects/tests/backend-tests/test-hapi.spec.ts" name="test hapi server &gt; forbidden" time="0.009">
        </testcase>
        <testcase classname="projects/tests/backend-tests/test-hapi.spec.ts" name="test hapi server &gt; test queued job" time="0.443">
        </testcase>
        <testcase classname="projects/tests/backend-tests/test-hapi.spec.ts" name="test hapi server &gt; test static remult" time="0.061">
        </testcase>
        <testcase classname="projects/tests/backend-tests/test-hapi.spec.ts" name="test hapi server &gt; test injected remult" time="0.056">
        </testcase>
        <testcase classname="projects/tests/backend-tests/test-hapi.spec.ts" name="test hapi server &gt; test http 404" time="0.057">
        </testcase>
        <testcase classname="projects/tests/backend-tests/test-hapi.spec.ts" name="test hapi server &gt; test http 201" time="0.012">
        </testcase>
        <testcase classname="projects/tests/backend-tests/test-hapi.spec.ts" name="test hapi server &gt; test regular api call" time="0.058">
        </testcase>
        <testcase classname="projects/tests/backend-tests/test-hapi.spec.ts" name="test hapi server &gt; test live query" time="0.294">
        </testcase>
    </testsuite>
    <testsuite name="projects/tests/backend-tests/test-http-server.backend-spec.ts" timestamp="2023-12-25T12:58:02.651Z" hostname="Noamnew2018" tests="1" failures="0" errors="0" skipped="0" time="0.009">
        <testcase classname="projects/tests/backend-tests/test-http-server.backend-spec.ts" name="test fresh" time="0.007">
        </testcase>
    </testsuite>
    <testsuite name="projects/tests/backend-tests/test-koa-server.spec.ts" timestamp="2023-12-25T12:58:02.652Z" hostname="Noamnew2018" tests="12" failures="0" errors="0" skipped="1" time="0.98">
        <testcase classname="projects/tests/backend-tests/test-koa-server.spec.ts" name="test koa server &gt; works" time="0.098">
            <system-out>
[remult] /api/testForbidden
[remult] /api/testStaticRemult
[remult] /api/testInjectedRemult
[remult] /api/testQueuedJob
[remult] /api/jobStatusInQueue
[remult] /api/tasks

            </system-out>
        </testcase>
        <testcase classname="projects/tests/backend-tests/test-koa-server.spec.ts" name="test koa server &gt; test regular api call" time="0.05">
        </testcase>
        <testcase classname="projects/tests/backend-tests/test-koa-server.spec.ts" name="test koa server &gt; test multiple items" time="0.074">
        </testcase>
        <testcase classname="projects/tests/backend-tests/test-koa-server.spec.ts" name="test koa server &gt; validation" time="0.071">
            <system-err>
{
  message: [32m&apos;Title: Should not be empty&apos;[39m,
  stack: [90mundefined[39m,
  url: [32m&apos;/api/tasks&apos;[39m,
  method: [32m&apos;POST&apos;[39m
}

            </system-err>
        </testcase>
        <testcase classname="projects/tests/backend-tests/test-koa-server.spec.ts" name="test koa server &gt; forbidden" time="0.005">
        </testcase>
        <testcase classname="projects/tests/backend-tests/test-koa-server.spec.ts" name="test koa server &gt; test queued job" time="0.442">
        </testcase>
        <testcase classname="projects/tests/backend-tests/test-koa-server.spec.ts" name="test koa server &gt; test static remult" time="0.05">
        </testcase>
        <testcase classname="projects/tests/backend-tests/test-koa-server.spec.ts" name="test koa server &gt; test injected remult" time="0.057">
        </testcase>
        <testcase classname="projects/tests/backend-tests/test-koa-server.spec.ts" name="test koa server &gt; test http 404" time="0.06">
        </testcase>
        <testcase classname="projects/tests/backend-tests/test-koa-server.spec.ts" name="test koa server &gt; test http 201" time="0.012">
        </testcase>
        <testcase classname="projects/tests/backend-tests/test-koa-server.spec.ts" name="test koa server &gt; test regular api call" time="0.051">
        </testcase>
        <testcase classname="projects/tests/backend-tests/test-koa-server.spec.ts" name="test koa server &gt; test live query" time="0">
            <skipped/>
        </testcase>
    </testsuite>
    <testsuite name="projects/tests/dbs/inMemory.spec.ts" timestamp="2023-12-25T12:58:02.656Z" hostname="Noamnew2018" tests="77" failures="0" errors="0" skipped="6" time="0.105">
        <testcase classname="projects/tests/dbs/inMemory.spec.ts" name="In Memory Tests &gt; what" time="0.009">
        </testcase>
        <testcase classname="projects/tests/dbs/inMemory.spec.ts" name="In Memory Tests &gt; data types" time="0">
        </testcase>
        <testcase classname="projects/tests/dbs/inMemory.spec.ts" name="In Memory Tests &gt; filter works on all db" time="0.002">
        </testcase>
        <testcase classname="projects/tests/dbs/inMemory.spec.ts" name="In Memory Tests &gt; test in statement and " time="0.001">
        </testcase>
        <testcase classname="projects/tests/dbs/inMemory.spec.ts" name="In Memory Tests &gt; filter with and" time="0.003">
        </testcase>
        <testcase classname="projects/tests/dbs/inMemory.spec.ts" name="In Memory Tests &gt; test empty in" time="0.001">
        </testcase>
        <testcase classname="projects/tests/dbs/inMemory.spec.ts" name="In Memory Tests &gt; filter works on all db or" time="0.001">
        </testcase>
        <testcase classname="projects/tests/dbs/inMemory.spec.ts" name="In Memory Tests &gt; filter works on all db or_1" time="0.001">
        </testcase>
        <testcase classname="projects/tests/dbs/inMemory.spec.ts" name="In Memory Tests &gt; filter works on all db or_2" time="0">
        </testcase>
        <testcase classname="projects/tests/dbs/inMemory.spec.ts" name="In Memory Tests &gt; filter with or and and" time="0">
        </testcase>
        <testcase classname="projects/tests/dbs/inMemory.spec.ts" name="In Memory Tests &gt; entity with different id column still works well" time="0.001">
        </testcase>
        <testcase classname="projects/tests/dbs/inMemory.spec.ts" name="In Memory Tests &gt; empty find works" time="0.001">
        </testcase>
        <testcase classname="projects/tests/dbs/inMemory.spec.ts" name="In Memory Tests &gt; test descending" time="0.002">
        </testcase>
        <testcase classname="projects/tests/dbs/inMemory.spec.ts" name="In Memory Tests &gt; test descending 2" time="0.001">
        </testcase>
        <testcase classname="projects/tests/dbs/inMemory.spec.ts" name="In Memory Tests &gt; partial updates" time="0.002">
        </testcase>
        <testcase classname="projects/tests/dbs/inMemory.spec.ts" name="In Memory Tests &gt; put with validations on entity fails" time="0.003">
        </testcase>
        <testcase classname="projects/tests/dbs/inMemory.spec.ts" name="In Memory Tests &gt; test date only with null works" time="0.002">
        </testcase>
        <testcase classname="projects/tests/dbs/inMemory.spec.ts" name="In Memory Tests &gt; test date with null works" time="0.002">
        </testcase>
        <testcase classname="projects/tests/dbs/inMemory.spec.ts" name="In Memory Tests &gt; test original value of date" time="0">
        </testcase>
        <testcase classname="projects/tests/dbs/inMemory.spec.ts" name="In Memory Tests &gt; test string with null works" time="0.001">
        </testcase>
        <testcase classname="projects/tests/dbs/inMemory.spec.ts" name="In Memory Tests &gt; test tasks" time="0.001">
        </testcase>
        <testcase classname="projects/tests/dbs/inMemory.spec.ts" name="In Memory Tests &gt; test filtering of null/&apos;&apos;" time="0.001">
        </testcase>
        <testcase classname="projects/tests/dbs/inMemory.spec.ts" name="In Memory Tests &gt; test paging with complex object" time="0.005">
        </testcase>
        <testcase classname="projects/tests/dbs/inMemory.spec.ts" name="In Memory Tests &gt; test paging with complex object_2" time="0.004">
        </testcase>
        <testcase classname="projects/tests/dbs/inMemory.spec.ts" name="In Memory Tests &gt; test filter doesn&apos;t collapse" time="0.003">
        </testcase>
        <testcase classname="projects/tests/dbs/inMemory.spec.ts" name="In Memory Tests &gt; test filter doesn&apos;t collapse" time="0.001">
        </testcase>
        <testcase classname="projects/tests/dbs/inMemory.spec.ts" name="In Memory Tests &gt; test that it works with inheritance" time="0.004">
        </testcase>
        <testcase classname="projects/tests/dbs/inMemory.spec.ts" name="In Memory Tests &gt; put with validations on column fails" time="0.001">
        </testcase>
        <testcase classname="projects/tests/dbs/inMemory.spec.ts" name="In Memory Tests &gt; Insert" time="0.001">
        </testcase>
        <testcase classname="projects/tests/dbs/inMemory.spec.ts" name="In Memory Tests &gt; test delete" time="0.001">
        </testcase>
        <testcase classname="projects/tests/dbs/inMemory.spec.ts" name="In Memory Tests &gt; test filter packer" time="0.002">
        </testcase>
        <testcase classname="projects/tests/dbs/inMemory.spec.ts" name="In Memory Tests &gt; Test unique Validation," time="0.001">
        </testcase>
        <testcase classname="projects/tests/dbs/inMemory.spec.ts" name="In Memory Tests &gt; Test unique Validation 2" time="0.001">
        </testcase>
        <testcase classname="projects/tests/dbs/inMemory.spec.ts" name="In Memory Tests &gt; test that integer and int work" time="0.001">
        </testcase>
        <testcase classname="projects/tests/dbs/inMemory.spec.ts" name="In Memory Tests &gt; post with logic works and max in entity" time="0.002">
        </testcase>
        <testcase classname="projects/tests/dbs/inMemory.spec.ts" name="In Memory Tests &gt; get array works with filter in body" time="0.002">
        </testcase>
        <testcase classname="projects/tests/dbs/inMemory.spec.ts" name="In Memory Tests &gt; entity order by works" time="0.001">
        </testcase>
        <testcase classname="projects/tests/dbs/inMemory.spec.ts" name="In Memory Tests &gt; put with validation works" time="0.001">
        </testcase>
        <testcase classname="projects/tests/dbs/inMemory.spec.ts" name="In Memory Tests &gt; saves correctly to db" time="0">
        </testcase>
        <testcase classname="projects/tests/dbs/inMemory.spec.ts" name="In Memory Tests &gt; auto increment can&apos;t be affected by insert or update" time="0.001">
        </testcase>
        <testcase classname="projects/tests/dbs/inMemory.spec.ts" name="In Memory Tests &gt; Paging" time="0.001">
        </testcase>
        <testcase classname="projects/tests/dbs/inMemory.spec.ts" name="In Memory Tests &gt; filter" time="0">
        </testcase>
        <testcase classname="projects/tests/dbs/inMemory.spec.ts" name="In Memory Tests &gt; filter 2_1" time="0.001">
        </testcase>
        <testcase classname="projects/tests/dbs/inMemory.spec.ts" name="In Memory Tests &gt; filter 2" time="0">
        </testcase>
        <testcase classname="projects/tests/dbs/inMemory.spec.ts" name="In Memory Tests &gt; filter 3" time="0.001">
        </testcase>
        <testcase classname="projects/tests/dbs/inMemory.spec.ts" name="In Memory Tests &gt; filter 4" time="0.001">
        </testcase>
        <testcase classname="projects/tests/dbs/inMemory.spec.ts" name="In Memory Tests &gt; large string field" time="0.001">
        </testcase>
        <testcase classname="projects/tests/dbs/inMemory.spec.ts" name="In Memory Tests &gt; task with enum string" time="0.002">
        </testcase>
        <testcase classname="projects/tests/dbs/inMemory.spec.ts" name="In Memory Tests &gt; test transaction rollback" time="0">
            <skipped/>
        </testcase>
        <testcase classname="projects/tests/dbs/inMemory.spec.ts" name="In Memory Tests &gt; transactions" time="0">
            <skipped/>
        </testcase>
        <testcase classname="projects/tests/dbs/inMemory.spec.ts" name="In Memory Tests &gt; transactions 1" time="0">
            <skipped/>
        </testcase>
        <testcase classname="projects/tests/dbs/inMemory.spec.ts" name="In Memory Tests &gt; transaction should fully rollback if one fail" time="0">
            <skipped/>
        </testcase>
        <testcase classname="projects/tests/dbs/inMemory.spec.ts" name="In Memory Tests &gt; test date" time="0.001">
        </testcase>
        <testcase classname="projects/tests/dbs/inMemory.spec.ts" name="In Memory Tests &gt; test live query storage" time="0">
            <skipped/>
        </testcase>
        <testcase classname="projects/tests/dbs/inMemory.spec.ts" name="In Memory Tests &gt; test contains with names with casing" time="0.002">
        </testcase>
        <testcase classname="projects/tests/dbs/inMemory.spec.ts" name="In Memory Tests &gt; test not-contains with names with casing" time="0.001">
        </testcase>
        <testcase classname="projects/tests/dbs/inMemory.spec.ts" name="In Memory Tests &gt; test live query storage" time="0">
            <skipped/>
        </testcase>
        <testcase classname="projects/tests/dbs/inMemory.spec.ts" name="In Memory Tests &gt; test json structure using object" time="0.001">
        </testcase>
        <testcase classname="projects/tests/dbs/inMemory.spec.ts" name="In Memory Tests &gt; test object entity" time="0.001">
        </testcase>
        <testcase classname="projects/tests/dbs/inMemory.spec.ts" name="In Memory Tests &gt; test object entity" time="0">
        </testcase>
        <testcase classname="projects/tests/dbs/inMemory.spec.ts" name="In Memory Tests &gt; test json structure" time="0.001">
        </testcase>
        <testcase classname="projects/tests/dbs/inMemory.spec.ts" name="In Memory Tests &gt; test json structure 2" time="0.001">
        </testcase>
        <testcase classname="projects/tests/dbs/inMemory.spec.ts" name="In Memory Tests &gt; test json structure 3" time="0">
        </testcase>
        <testcase classname="projects/tests/dbs/inMemory.spec.ts" name="In Memory Tests &gt; test relation to number id" time="0.002">
        </testcase>
        <testcase classname="projects/tests/dbs/inMemory.spec.ts" name="In Memory Tests &gt; test relation to string id" time="0.002">
        </testcase>
        <testcase classname="projects/tests/dbs/inMemory.spec.ts" name="In Memory Tests &gt; test update doesn&apos;t override other values" time="0.005">
        </testcase>
        <testcase classname="projects/tests/dbs/inMemory.spec.ts" name="In Memory Tests &gt; test update doesn&apos;t validate non included fields" time="0.002">
        </testcase>
        <testcase classname="projects/tests/dbs/inMemory.spec.ts" name="In Memory Tests &gt; test date" time="0.001">
        </testcase>
        <testcase classname="projects/tests/dbs/inMemory.spec.ts" name="In Memory Tests &gt; task with enum" time="0">
        </testcase>
        <testcase classname="projects/tests/dbs/inMemory.spec.ts" name="In Memory Tests &gt; custom id column &gt; basic test" time="0.001">
        </testcase>
        <testcase classname="projects/tests/dbs/inMemory.spec.ts" name="In Memory Tests &gt; custom id column &gt; basic test id column not first column" time="0.001">
        </testcase>
        <testcase classname="projects/tests/dbs/inMemory.spec.ts" name="In Memory Tests &gt; test that update null works" time="0">
        </testcase>
        <testcase classname="projects/tests/dbs/inMemory.spec.ts" name="In Memory Tests &gt; test number with null" time="0.001">
        </testcase>
        <testcase classname="projects/tests/dbs/inMemory.spec.ts" name="In Memory Tests &gt; test save and load" time="0.001">
        </testcase>
        <testcase classname="projects/tests/dbs/inMemory.spec.ts" name="In Memory Tests &gt; test2 save and load" time="0">
        </testcase>
        <testcase classname="projects/tests/dbs/inMemory.spec.ts" name="In Memory Tests &gt; test doesn&apos;t store server expressions and db readonly" time="0.001">
        </testcase>
        <testcase classname="projects/tests/dbs/inMemory.spec.ts" name="In Memory Tests &gt; test db names are respected" time="0.002">
        </testcase>
    </testsuite>
    <testsuite name="projects/tests/dbs/mongo-no-trans.spec.ts" timestamp="2023-12-25T12:58:02.674Z" hostname="Noamnew2018" tests="79" failures="0" errors="0" skipped="79" time="0">
        <testcase classname="projects/tests/dbs/mongo-no-trans.spec.ts" name="mongo without Transaction &gt; what" time="0">
            <skipped/>
        </testcase>
        <testcase classname="projects/tests/dbs/mongo-no-trans.spec.ts" name="mongo without Transaction &gt; data types" time="0">
            <skipped/>
        </testcase>
        <testcase classname="projects/tests/dbs/mongo-no-trans.spec.ts" name="mongo without Transaction &gt; filter works on all db" time="0">
            <skipped/>
        </testcase>
        <testcase classname="projects/tests/dbs/mongo-no-trans.spec.ts" name="mongo without Transaction &gt; test in statement and " time="0">
            <skipped/>
        </testcase>
        <testcase classname="projects/tests/dbs/mongo-no-trans.spec.ts" name="mongo without Transaction &gt; filter with and" time="0">
            <skipped/>
        </testcase>
        <testcase classname="projects/tests/dbs/mongo-no-trans.spec.ts" name="mongo without Transaction &gt; test empty in" time="0">
            <skipped/>
        </testcase>
        <testcase classname="projects/tests/dbs/mongo-no-trans.spec.ts" name="mongo without Transaction &gt; filter works on all db or" time="0">
            <skipped/>
        </testcase>
        <testcase classname="projects/tests/dbs/mongo-no-trans.spec.ts" name="mongo without Transaction &gt; filter works on all db or_1" time="0">
            <skipped/>
        </testcase>
        <testcase classname="projects/tests/dbs/mongo-no-trans.spec.ts" name="mongo without Transaction &gt; filter works on all db or_2" time="0">
            <skipped/>
        </testcase>
        <testcase classname="projects/tests/dbs/mongo-no-trans.spec.ts" name="mongo without Transaction &gt; filter with or and and" time="0">
            <skipped/>
        </testcase>
        <testcase classname="projects/tests/dbs/mongo-no-trans.spec.ts" name="mongo without Transaction &gt; entity with different id column still works well" time="0">
            <skipped/>
        </testcase>
        <testcase classname="projects/tests/dbs/mongo-no-trans.spec.ts" name="mongo without Transaction &gt; empty find works" time="0">
            <skipped/>
        </testcase>
        <testcase classname="projects/tests/dbs/mongo-no-trans.spec.ts" name="mongo without Transaction &gt; test descending" time="0">
            <skipped/>
        </testcase>
        <testcase classname="projects/tests/dbs/mongo-no-trans.spec.ts" name="mongo without Transaction &gt; test descending 2" time="0">
            <skipped/>
        </testcase>
        <testcase classname="projects/tests/dbs/mongo-no-trans.spec.ts" name="mongo without Transaction &gt; partial updates" time="0">
            <skipped/>
        </testcase>
        <testcase classname="projects/tests/dbs/mongo-no-trans.spec.ts" name="mongo without Transaction &gt; put with validations on entity fails" time="0">
            <skipped/>
        </testcase>
        <testcase classname="projects/tests/dbs/mongo-no-trans.spec.ts" name="mongo without Transaction &gt; test date only with null works" time="0">
            <skipped/>
        </testcase>
        <testcase classname="projects/tests/dbs/mongo-no-trans.spec.ts" name="mongo without Transaction &gt; test date with null works" time="0">
            <skipped/>
        </testcase>
        <testcase classname="projects/tests/dbs/mongo-no-trans.spec.ts" name="mongo without Transaction &gt; test original value of date" time="0">
            <skipped/>
        </testcase>
        <testcase classname="projects/tests/dbs/mongo-no-trans.spec.ts" name="mongo without Transaction &gt; test string with null works" time="0">
            <skipped/>
        </testcase>
        <testcase classname="projects/tests/dbs/mongo-no-trans.spec.ts" name="mongo without Transaction &gt; test tasks" time="0">
            <skipped/>
        </testcase>
        <testcase classname="projects/tests/dbs/mongo-no-trans.spec.ts" name="mongo without Transaction &gt; test filtering of null/&apos;&apos;" time="0">
            <skipped/>
        </testcase>
        <testcase classname="projects/tests/dbs/mongo-no-trans.spec.ts" name="mongo without Transaction &gt; test paging with complex object" time="0">
            <skipped/>
        </testcase>
        <testcase classname="projects/tests/dbs/mongo-no-trans.spec.ts" name="mongo without Transaction &gt; test paging with complex object_2" time="0">
            <skipped/>
        </testcase>
        <testcase classname="projects/tests/dbs/mongo-no-trans.spec.ts" name="mongo without Transaction &gt; test filter doesn&apos;t collapse" time="0">
            <skipped/>
        </testcase>
        <testcase classname="projects/tests/dbs/mongo-no-trans.spec.ts" name="mongo without Transaction &gt; test filter doesn&apos;t collapse" time="0">
            <skipped/>
        </testcase>
        <testcase classname="projects/tests/dbs/mongo-no-trans.spec.ts" name="mongo without Transaction &gt; test that it works with inheritance" time="0">
            <skipped/>
        </testcase>
        <testcase classname="projects/tests/dbs/mongo-no-trans.spec.ts" name="mongo without Transaction &gt; put with validations on column fails" time="0">
            <skipped/>
        </testcase>
        <testcase classname="projects/tests/dbs/mongo-no-trans.spec.ts" name="mongo without Transaction &gt; Insert" time="0">
            <skipped/>
        </testcase>
        <testcase classname="projects/tests/dbs/mongo-no-trans.spec.ts" name="mongo without Transaction &gt; test delete" time="0">
            <skipped/>
        </testcase>
        <testcase classname="projects/tests/dbs/mongo-no-trans.spec.ts" name="mongo without Transaction &gt; test filter packer" time="0">
            <skipped/>
        </testcase>
        <testcase classname="projects/tests/dbs/mongo-no-trans.spec.ts" name="mongo without Transaction &gt; Test unique Validation," time="0">
            <skipped/>
        </testcase>
        <testcase classname="projects/tests/dbs/mongo-no-trans.spec.ts" name="mongo without Transaction &gt; Test unique Validation 2" time="0">
            <skipped/>
        </testcase>
        <testcase classname="projects/tests/dbs/mongo-no-trans.spec.ts" name="mongo without Transaction &gt; test that integer and int work" time="0">
            <skipped/>
        </testcase>
        <testcase classname="projects/tests/dbs/mongo-no-trans.spec.ts" name="mongo without Transaction &gt; post with logic works and max in entity" time="0">
            <skipped/>
        </testcase>
        <testcase classname="projects/tests/dbs/mongo-no-trans.spec.ts" name="mongo without Transaction &gt; get array works with filter in body" time="0">
            <skipped/>
        </testcase>
        <testcase classname="projects/tests/dbs/mongo-no-trans.spec.ts" name="mongo without Transaction &gt; entity order by works" time="0">
            <skipped/>
        </testcase>
        <testcase classname="projects/tests/dbs/mongo-no-trans.spec.ts" name="mongo without Transaction &gt; put with validation works" time="0">
            <skipped/>
        </testcase>
        <testcase classname="projects/tests/dbs/mongo-no-trans.spec.ts" name="mongo without Transaction &gt; saves correctly to db" time="0">
            <skipped/>
        </testcase>
        <testcase classname="projects/tests/dbs/mongo-no-trans.spec.ts" name="mongo without Transaction &gt; auto increment can&apos;t be affected by insert or update" time="0">
            <skipped/>
        </testcase>
        <testcase classname="projects/tests/dbs/mongo-no-trans.spec.ts" name="mongo without Transaction &gt; Paging" time="0">
            <skipped/>
        </testcase>
        <testcase classname="projects/tests/dbs/mongo-no-trans.spec.ts" name="mongo without Transaction &gt; filter" time="0">
            <skipped/>
        </testcase>
        <testcase classname="projects/tests/dbs/mongo-no-trans.spec.ts" name="mongo without Transaction &gt; filter 2_1" time="0">
            <skipped/>
        </testcase>
        <testcase classname="projects/tests/dbs/mongo-no-trans.spec.ts" name="mongo without Transaction &gt; filter 2" time="0">
            <skipped/>
        </testcase>
        <testcase classname="projects/tests/dbs/mongo-no-trans.spec.ts" name="mongo without Transaction &gt; filter 3" time="0">
            <skipped/>
        </testcase>
        <testcase classname="projects/tests/dbs/mongo-no-trans.spec.ts" name="mongo without Transaction &gt; filter 4" time="0">
            <skipped/>
        </testcase>
        <testcase classname="projects/tests/dbs/mongo-no-trans.spec.ts" name="mongo without Transaction &gt; large string field" time="0">
            <skipped/>
        </testcase>
        <testcase classname="projects/tests/dbs/mongo-no-trans.spec.ts" name="mongo without Transaction &gt; task with enum string" time="0">
            <skipped/>
        </testcase>
        <testcase classname="projects/tests/dbs/mongo-no-trans.spec.ts" name="mongo without Transaction &gt; test transaction rollback" time="0">
            <skipped/>
        </testcase>
        <testcase classname="projects/tests/dbs/mongo-no-trans.spec.ts" name="mongo without Transaction &gt; transactions" time="0">
            <skipped/>
        </testcase>
        <testcase classname="projects/tests/dbs/mongo-no-trans.spec.ts" name="mongo without Transaction &gt; transactions 1" time="0">
            <skipped/>
        </testcase>
        <testcase classname="projects/tests/dbs/mongo-no-trans.spec.ts" name="mongo without Transaction &gt; transaction should fully rollback if one fail" time="0">
            <skipped/>
        </testcase>
        <testcase classname="projects/tests/dbs/mongo-no-trans.spec.ts" name="mongo without Transaction &gt; test date" time="0">
            <skipped/>
        </testcase>
        <testcase classname="projects/tests/dbs/mongo-no-trans.spec.ts" name="mongo without Transaction &gt; test live query storage" time="0">
            <skipped/>
        </testcase>
        <testcase classname="projects/tests/dbs/mongo-no-trans.spec.ts" name="mongo without Transaction &gt; test contains with names with casing" time="0">
            <skipped/>
        </testcase>
        <testcase classname="projects/tests/dbs/mongo-no-trans.spec.ts" name="mongo without Transaction &gt; test not-contains with names with casing" time="0">
            <skipped/>
        </testcase>
        <testcase classname="projects/tests/dbs/mongo-no-trans.spec.ts" name="mongo without Transaction &gt; test live query storage" time="0">
            <skipped/>
        </testcase>
        <testcase classname="projects/tests/dbs/mongo-no-trans.spec.ts" name="mongo without Transaction &gt; test json structure using object" time="0">
            <skipped/>
        </testcase>
        <testcase classname="projects/tests/dbs/mongo-no-trans.spec.ts" name="mongo without Transaction &gt; test object entity" time="0">
            <skipped/>
        </testcase>
        <testcase classname="projects/tests/dbs/mongo-no-trans.spec.ts" name="mongo without Transaction &gt; test object entity" time="0">
            <skipped/>
        </testcase>
        <testcase classname="projects/tests/dbs/mongo-no-trans.spec.ts" name="mongo without Transaction &gt; test json structure" time="0">
            <skipped/>
        </testcase>
        <testcase classname="projects/tests/dbs/mongo-no-trans.spec.ts" name="mongo without Transaction &gt; test json structure 2" time="0">
            <skipped/>
        </testcase>
        <testcase classname="projects/tests/dbs/mongo-no-trans.spec.ts" name="mongo without Transaction &gt; test json structure 3" time="0">
            <skipped/>
        </testcase>
        <testcase classname="projects/tests/dbs/mongo-no-trans.spec.ts" name="mongo without Transaction &gt; test relation to number id" time="0">
            <skipped/>
        </testcase>
        <testcase classname="projects/tests/dbs/mongo-no-trans.spec.ts" name="mongo without Transaction &gt; test relation to string id" time="0">
            <skipped/>
        </testcase>
        <testcase classname="projects/tests/dbs/mongo-no-trans.spec.ts" name="mongo without Transaction &gt; test update doesn&apos;t override other values" time="0">
            <skipped/>
        </testcase>
        <testcase classname="projects/tests/dbs/mongo-no-trans.spec.ts" name="mongo without Transaction &gt; test update doesn&apos;t validate non included fields" time="0">
            <skipped/>
        </testcase>
        <testcase classname="projects/tests/dbs/mongo-no-trans.spec.ts" name="mongo without Transaction &gt; test date" time="0">
            <skipped/>
        </testcase>
        <testcase classname="projects/tests/dbs/mongo-no-trans.spec.ts" name="mongo without Transaction &gt; task with enum" time="0">
            <skipped/>
        </testcase>
        <testcase classname="projects/tests/dbs/mongo-no-trans.spec.ts" name="mongo without Transaction &gt; custom id column &gt; basic test" time="0">
            <skipped/>
        </testcase>
        <testcase classname="projects/tests/dbs/mongo-no-trans.spec.ts" name="mongo without Transaction &gt; custom id column &gt; basic test id column not first column" time="0">
            <skipped/>
        </testcase>
        <testcase classname="projects/tests/dbs/mongo-no-trans.spec.ts" name="mongo without Transaction &gt; test that update null works" time="0">
            <skipped/>
        </testcase>
        <testcase classname="projects/tests/dbs/mongo-no-trans.spec.ts" name="mongo without Transaction &gt; test number with null" time="0">
            <skipped/>
        </testcase>
        <testcase classname="projects/tests/dbs/mongo-no-trans.spec.ts" name="mongo without Transaction &gt; test save and load" time="0">
            <skipped/>
        </testcase>
        <testcase classname="projects/tests/dbs/mongo-no-trans.spec.ts" name="mongo without Transaction &gt; test2 save and load" time="0">
            <skipped/>
        </testcase>
        <testcase classname="projects/tests/dbs/mongo-no-trans.spec.ts" name="mongo without Transaction &gt; test mongo without transaction" time="0">
            <skipped/>
        </testcase>
        <testcase classname="projects/tests/dbs/mongo-no-trans.spec.ts" name="mongo without Transaction &gt; transactions mongo no trans" time="0">
            <skipped/>
        </testcase>
        <testcase classname="projects/tests/dbs/mongo-no-trans.spec.ts" name="mongo without Transaction &gt; test Dates" time="0">
            <skipped/>
        </testcase>
        <testcase classname="projects/tests/dbs/mongo-no-trans.spec.ts" name="mongo without Transaction &gt; test object id" time="0">
            <skipped/>
        </testcase>
    </testsuite>
    <testsuite name="projects/tests/dbs/mongo.spec.ts" timestamp="2023-12-25T12:58:02.697Z" hostname="Noamnew2018" tests="77" failures="0" errors="0" skipped="77" time="0">
        <testcase classname="projects/tests/dbs/mongo.spec.ts" name="mongo with Transaction &gt; what" time="0">
            <skipped/>
        </testcase>
        <testcase classname="projects/tests/dbs/mongo.spec.ts" name="mongo with Transaction &gt; data types" time="0">
            <skipped/>
        </testcase>
        <testcase classname="projects/tests/dbs/mongo.spec.ts" name="mongo with Transaction &gt; filter works on all db" time="0">
            <skipped/>
        </testcase>
        <testcase classname="projects/tests/dbs/mongo.spec.ts" name="mongo with Transaction &gt; test in statement and " time="0">
            <skipped/>
        </testcase>
        <testcase classname="projects/tests/dbs/mongo.spec.ts" name="mongo with Transaction &gt; filter with and" time="0">
            <skipped/>
        </testcase>
        <testcase classname="projects/tests/dbs/mongo.spec.ts" name="mongo with Transaction &gt; test empty in" time="0">
            <skipped/>
        </testcase>
        <testcase classname="projects/tests/dbs/mongo.spec.ts" name="mongo with Transaction &gt; filter works on all db or" time="0">
            <skipped/>
        </testcase>
        <testcase classname="projects/tests/dbs/mongo.spec.ts" name="mongo with Transaction &gt; filter works on all db or_1" time="0">
            <skipped/>
        </testcase>
        <testcase classname="projects/tests/dbs/mongo.spec.ts" name="mongo with Transaction &gt; filter works on all db or_2" time="0">
            <skipped/>
        </testcase>
        <testcase classname="projects/tests/dbs/mongo.spec.ts" name="mongo with Transaction &gt; filter with or and and" time="0">
            <skipped/>
        </testcase>
        <testcase classname="projects/tests/dbs/mongo.spec.ts" name="mongo with Transaction &gt; entity with different id column still works well" time="0">
            <skipped/>
        </testcase>
        <testcase classname="projects/tests/dbs/mongo.spec.ts" name="mongo with Transaction &gt; empty find works" time="0">
            <skipped/>
        </testcase>
        <testcase classname="projects/tests/dbs/mongo.spec.ts" name="mongo with Transaction &gt; test descending" time="0">
            <skipped/>
        </testcase>
        <testcase classname="projects/tests/dbs/mongo.spec.ts" name="mongo with Transaction &gt; test descending 2" time="0">
            <skipped/>
        </testcase>
        <testcase classname="projects/tests/dbs/mongo.spec.ts" name="mongo with Transaction &gt; partial updates" time="0">
            <skipped/>
        </testcase>
        <testcase classname="projects/tests/dbs/mongo.spec.ts" name="mongo with Transaction &gt; put with validations on entity fails" time="0">
            <skipped/>
        </testcase>
        <testcase classname="projects/tests/dbs/mongo.spec.ts" name="mongo with Transaction &gt; test date only with null works" time="0">
            <skipped/>
        </testcase>
        <testcase classname="projects/tests/dbs/mongo.spec.ts" name="mongo with Transaction &gt; test date with null works" time="0">
            <skipped/>
        </testcase>
        <testcase classname="projects/tests/dbs/mongo.spec.ts" name="mongo with Transaction &gt; test original value of date" time="0">
            <skipped/>
        </testcase>
        <testcase classname="projects/tests/dbs/mongo.spec.ts" name="mongo with Transaction &gt; test string with null works" time="0">
            <skipped/>
        </testcase>
        <testcase classname="projects/tests/dbs/mongo.spec.ts" name="mongo with Transaction &gt; test tasks" time="0">
            <skipped/>
        </testcase>
        <testcase classname="projects/tests/dbs/mongo.spec.ts" name="mongo with Transaction &gt; test filtering of null/&apos;&apos;" time="0">
            <skipped/>
        </testcase>
        <testcase classname="projects/tests/dbs/mongo.spec.ts" name="mongo with Transaction &gt; test paging with complex object" time="0">
            <skipped/>
        </testcase>
        <testcase classname="projects/tests/dbs/mongo.spec.ts" name="mongo with Transaction &gt; test paging with complex object_2" time="0">
            <skipped/>
        </testcase>
        <testcase classname="projects/tests/dbs/mongo.spec.ts" name="mongo with Transaction &gt; test filter doesn&apos;t collapse" time="0">
            <skipped/>
        </testcase>
        <testcase classname="projects/tests/dbs/mongo.spec.ts" name="mongo with Transaction &gt; test filter doesn&apos;t collapse" time="0">
            <skipped/>
        </testcase>
        <testcase classname="projects/tests/dbs/mongo.spec.ts" name="mongo with Transaction &gt; test that it works with inheritance" time="0">
            <skipped/>
        </testcase>
        <testcase classname="projects/tests/dbs/mongo.spec.ts" name="mongo with Transaction &gt; put with validations on column fails" time="0">
            <skipped/>
        </testcase>
        <testcase classname="projects/tests/dbs/mongo.spec.ts" name="mongo with Transaction &gt; Insert" time="0">
            <skipped/>
        </testcase>
        <testcase classname="projects/tests/dbs/mongo.spec.ts" name="mongo with Transaction &gt; test delete" time="0">
            <skipped/>
        </testcase>
        <testcase classname="projects/tests/dbs/mongo.spec.ts" name="mongo with Transaction &gt; test filter packer" time="0">
            <skipped/>
        </testcase>
        <testcase classname="projects/tests/dbs/mongo.spec.ts" name="mongo with Transaction &gt; Test unique Validation," time="0">
            <skipped/>
        </testcase>
        <testcase classname="projects/tests/dbs/mongo.spec.ts" name="mongo with Transaction &gt; Test unique Validation 2" time="0">
            <skipped/>
        </testcase>
        <testcase classname="projects/tests/dbs/mongo.spec.ts" name="mongo with Transaction &gt; test that integer and int work" time="0">
            <skipped/>
        </testcase>
        <testcase classname="projects/tests/dbs/mongo.spec.ts" name="mongo with Transaction &gt; post with logic works and max in entity" time="0">
            <skipped/>
        </testcase>
        <testcase classname="projects/tests/dbs/mongo.spec.ts" name="mongo with Transaction &gt; get array works with filter in body" time="0">
            <skipped/>
        </testcase>
        <testcase classname="projects/tests/dbs/mongo.spec.ts" name="mongo with Transaction &gt; entity order by works" time="0">
            <skipped/>
        </testcase>
        <testcase classname="projects/tests/dbs/mongo.spec.ts" name="mongo with Transaction &gt; put with validation works" time="0">
            <skipped/>
        </testcase>
        <testcase classname="projects/tests/dbs/mongo.spec.ts" name="mongo with Transaction &gt; saves correctly to db" time="0">
            <skipped/>
        </testcase>
        <testcase classname="projects/tests/dbs/mongo.spec.ts" name="mongo with Transaction &gt; auto increment can&apos;t be affected by insert or update" time="0">
            <skipped/>
        </testcase>
        <testcase classname="projects/tests/dbs/mongo.spec.ts" name="mongo with Transaction &gt; Paging" time="0">
            <skipped/>
        </testcase>
        <testcase classname="projects/tests/dbs/mongo.spec.ts" name="mongo with Transaction &gt; filter" time="0">
            <skipped/>
        </testcase>
        <testcase classname="projects/tests/dbs/mongo.spec.ts" name="mongo with Transaction &gt; filter 2_1" time="0">
            <skipped/>
        </testcase>
        <testcase classname="projects/tests/dbs/mongo.spec.ts" name="mongo with Transaction &gt; filter 2" time="0">
            <skipped/>
        </testcase>
        <testcase classname="projects/tests/dbs/mongo.spec.ts" name="mongo with Transaction &gt; filter 3" time="0">
            <skipped/>
        </testcase>
        <testcase classname="projects/tests/dbs/mongo.spec.ts" name="mongo with Transaction &gt; filter 4" time="0">
            <skipped/>
        </testcase>
        <testcase classname="projects/tests/dbs/mongo.spec.ts" name="mongo with Transaction &gt; large string field" time="0">
            <skipped/>
        </testcase>
        <testcase classname="projects/tests/dbs/mongo.spec.ts" name="mongo with Transaction &gt; task with enum string" time="0">
            <skipped/>
        </testcase>
        <testcase classname="projects/tests/dbs/mongo.spec.ts" name="mongo with Transaction &gt; test transaction rollback" time="0">
            <skipped/>
        </testcase>
        <testcase classname="projects/tests/dbs/mongo.spec.ts" name="mongo with Transaction &gt; transactions" time="0">
            <skipped/>
        </testcase>
        <testcase classname="projects/tests/dbs/mongo.spec.ts" name="mongo with Transaction &gt; transactions 1" time="0">
            <skipped/>
        </testcase>
        <testcase classname="projects/tests/dbs/mongo.spec.ts" name="mongo with Transaction &gt; transaction should fully rollback if one fail" time="0">
            <skipped/>
        </testcase>
        <testcase classname="projects/tests/dbs/mongo.spec.ts" name="mongo with Transaction &gt; test date" time="0">
            <skipped/>
        </testcase>
        <testcase classname="projects/tests/dbs/mongo.spec.ts" name="mongo with Transaction &gt; test live query storage" time="0">
            <skipped/>
        </testcase>
        <testcase classname="projects/tests/dbs/mongo.spec.ts" name="mongo with Transaction &gt; test contains with names with casing" time="0">
            <skipped/>
        </testcase>
        <testcase classname="projects/tests/dbs/mongo.spec.ts" name="mongo with Transaction &gt; test not-contains with names with casing" time="0">
            <skipped/>
        </testcase>
        <testcase classname="projects/tests/dbs/mongo.spec.ts" name="mongo with Transaction &gt; test live query storage" time="0">
            <skipped/>
        </testcase>
        <testcase classname="projects/tests/dbs/mongo.spec.ts" name="mongo with Transaction &gt; test json structure using object" time="0">
            <skipped/>
        </testcase>
        <testcase classname="projects/tests/dbs/mongo.spec.ts" name="mongo with Transaction &gt; test object entity" time="0">
            <skipped/>
        </testcase>
        <testcase classname="projects/tests/dbs/mongo.spec.ts" name="mongo with Transaction &gt; test object entity" time="0">
            <skipped/>
        </testcase>
        <testcase classname="projects/tests/dbs/mongo.spec.ts" name="mongo with Transaction &gt; test json structure" time="0">
            <skipped/>
        </testcase>
        <testcase classname="projects/tests/dbs/mongo.spec.ts" name="mongo with Transaction &gt; test json structure 2" time="0">
            <skipped/>
        </testcase>
        <testcase classname="projects/tests/dbs/mongo.spec.ts" name="mongo with Transaction &gt; test json structure 3" time="0">
            <skipped/>
        </testcase>
        <testcase classname="projects/tests/dbs/mongo.spec.ts" name="mongo with Transaction &gt; test relation to number id" time="0">
            <skipped/>
        </testcase>
        <testcase classname="projects/tests/dbs/mongo.spec.ts" name="mongo with Transaction &gt; test relation to string id" time="0">
            <skipped/>
        </testcase>
        <testcase classname="projects/tests/dbs/mongo.spec.ts" name="mongo with Transaction &gt; test update doesn&apos;t override other values" time="0">
            <skipped/>
        </testcase>
        <testcase classname="projects/tests/dbs/mongo.spec.ts" name="mongo with Transaction &gt; test update doesn&apos;t validate non included fields" time="0">
            <skipped/>
        </testcase>
        <testcase classname="projects/tests/dbs/mongo.spec.ts" name="mongo with Transaction &gt; test date" time="0">
            <skipped/>
        </testcase>
        <testcase classname="projects/tests/dbs/mongo.spec.ts" name="mongo with Transaction &gt; task with enum" time="0">
            <skipped/>
        </testcase>
        <testcase classname="projects/tests/dbs/mongo.spec.ts" name="mongo with Transaction &gt; custom id column &gt; basic test" time="0">
            <skipped/>
        </testcase>
        <testcase classname="projects/tests/dbs/mongo.spec.ts" name="mongo with Transaction &gt; custom id column &gt; basic test id column not first column" time="0">
            <skipped/>
        </testcase>
        <testcase classname="projects/tests/dbs/mongo.spec.ts" name="mongo with Transaction &gt; test that update null works" time="0">
            <skipped/>
        </testcase>
        <testcase classname="projects/tests/dbs/mongo.spec.ts" name="mongo with Transaction &gt; test number with null" time="0">
            <skipped/>
        </testcase>
        <testcase classname="projects/tests/dbs/mongo.spec.ts" name="mongo with Transaction &gt; test save and load" time="0">
            <skipped/>
        </testcase>
        <testcase classname="projects/tests/dbs/mongo.spec.ts" name="mongo with Transaction &gt; test2 save and load" time="0">
            <skipped/>
        </testcase>
        <testcase classname="projects/tests/dbs/mongo.spec.ts" name="mongo with Transaction &gt; work with native mongo and condition" time="0">
            <skipped/>
        </testcase>
        <testcase classname="projects/tests/dbs/mongo.spec.ts" name="mongo with Transaction &gt; work with native mongo" time="0">
            <skipped/>
        </testcase>
    </testsuite>
    <testsuite name="projects/tests/dbs/mysql.spec.ts" timestamp="2023-12-25T12:58:02.716Z" hostname="Noamnew2018" tests="166" failures="0" errors="0" skipped="166" time="0">
        <testcase classname="projects/tests/dbs/mysql.spec.ts" name="mysql &gt; what" time="0">
            <skipped/>
        </testcase>
        <testcase classname="projects/tests/dbs/mysql.spec.ts" name="mysql &gt; data types" time="0">
            <skipped/>
        </testcase>
        <testcase classname="projects/tests/dbs/mysql.spec.ts" name="mysql &gt; filter works on all db" time="0">
            <skipped/>
        </testcase>
        <testcase classname="projects/tests/dbs/mysql.spec.ts" name="mysql &gt; test in statement and " time="0">
            <skipped/>
        </testcase>
        <testcase classname="projects/tests/dbs/mysql.spec.ts" name="mysql &gt; filter with and" time="0">
            <skipped/>
        </testcase>
        <testcase classname="projects/tests/dbs/mysql.spec.ts" name="mysql &gt; test empty in" time="0">
            <skipped/>
        </testcase>
        <testcase classname="projects/tests/dbs/mysql.spec.ts" name="mysql &gt; filter works on all db or" time="0">
            <skipped/>
        </testcase>
        <testcase classname="projects/tests/dbs/mysql.spec.ts" name="mysql &gt; filter works on all db or_1" time="0">
            <skipped/>
        </testcase>
        <testcase classname="projects/tests/dbs/mysql.spec.ts" name="mysql &gt; filter works on all db or_2" time="0">
            <skipped/>
        </testcase>
        <testcase classname="projects/tests/dbs/mysql.spec.ts" name="mysql &gt; filter with or and and" time="0">
            <skipped/>
        </testcase>
        <testcase classname="projects/tests/dbs/mysql.spec.ts" name="mysql &gt; entity with different id column still works well" time="0">
            <skipped/>
        </testcase>
        <testcase classname="projects/tests/dbs/mysql.spec.ts" name="mysql &gt; empty find works" time="0">
            <skipped/>
        </testcase>
        <testcase classname="projects/tests/dbs/mysql.spec.ts" name="mysql &gt; test descending" time="0">
            <skipped/>
        </testcase>
        <testcase classname="projects/tests/dbs/mysql.spec.ts" name="mysql &gt; test descending 2" time="0">
            <skipped/>
        </testcase>
        <testcase classname="projects/tests/dbs/mysql.spec.ts" name="mysql &gt; partial updates" time="0">
            <skipped/>
        </testcase>
        <testcase classname="projects/tests/dbs/mysql.spec.ts" name="mysql &gt; put with validations on entity fails" time="0">
            <skipped/>
        </testcase>
        <testcase classname="projects/tests/dbs/mysql.spec.ts" name="mysql &gt; test date only with null works" time="0">
            <skipped/>
        </testcase>
        <testcase classname="projects/tests/dbs/mysql.spec.ts" name="mysql &gt; test date with null works" time="0">
            <skipped/>
        </testcase>
        <testcase classname="projects/tests/dbs/mysql.spec.ts" name="mysql &gt; test original value of date" time="0">
            <skipped/>
        </testcase>
        <testcase classname="projects/tests/dbs/mysql.spec.ts" name="mysql &gt; test string with null works" time="0">
            <skipped/>
        </testcase>
        <testcase classname="projects/tests/dbs/mysql.spec.ts" name="mysql &gt; test tasks" time="0">
            <skipped/>
        </testcase>
        <testcase classname="projects/tests/dbs/mysql.spec.ts" name="mysql &gt; test filtering of null/&apos;&apos;" time="0">
            <skipped/>
        </testcase>
        <testcase classname="projects/tests/dbs/mysql.spec.ts" name="mysql &gt; test paging with complex object" time="0">
            <skipped/>
        </testcase>
        <testcase classname="projects/tests/dbs/mysql.spec.ts" name="mysql &gt; test paging with complex object_2" time="0">
            <skipped/>
        </testcase>
        <testcase classname="projects/tests/dbs/mysql.spec.ts" name="mysql &gt; test filter doesn&apos;t collapse" time="0">
            <skipped/>
        </testcase>
        <testcase classname="projects/tests/dbs/mysql.spec.ts" name="mysql &gt; test filter doesn&apos;t collapse" time="0">
            <skipped/>
        </testcase>
        <testcase classname="projects/tests/dbs/mysql.spec.ts" name="mysql &gt; test that it works with inheritance" time="0">
            <skipped/>
        </testcase>
        <testcase classname="projects/tests/dbs/mysql.spec.ts" name="mysql &gt; put with validations on column fails" time="0">
            <skipped/>
        </testcase>
        <testcase classname="projects/tests/dbs/mysql.spec.ts" name="mysql &gt; Insert" time="0">
            <skipped/>
        </testcase>
        <testcase classname="projects/tests/dbs/mysql.spec.ts" name="mysql &gt; test delete" time="0">
            <skipped/>
        </testcase>
        <testcase classname="projects/tests/dbs/mysql.spec.ts" name="mysql &gt; test filter packer" time="0">
            <skipped/>
        </testcase>
        <testcase classname="projects/tests/dbs/mysql.spec.ts" name="mysql &gt; Test unique Validation," time="0">
            <skipped/>
        </testcase>
        <testcase classname="projects/tests/dbs/mysql.spec.ts" name="mysql &gt; Test unique Validation 2" time="0">
            <skipped/>
        </testcase>
        <testcase classname="projects/tests/dbs/mysql.spec.ts" name="mysql &gt; test that integer and int work" time="0">
            <skipped/>
        </testcase>
        <testcase classname="projects/tests/dbs/mysql.spec.ts" name="mysql &gt; post with logic works and max in entity" time="0">
            <skipped/>
        </testcase>
        <testcase classname="projects/tests/dbs/mysql.spec.ts" name="mysql &gt; get array works with filter in body" time="0">
            <skipped/>
        </testcase>
        <testcase classname="projects/tests/dbs/mysql.spec.ts" name="mysql &gt; entity order by works" time="0">
            <skipped/>
        </testcase>
        <testcase classname="projects/tests/dbs/mysql.spec.ts" name="mysql &gt; put with validation works" time="0">
            <skipped/>
        </testcase>
        <testcase classname="projects/tests/dbs/mysql.spec.ts" name="mysql &gt; saves correctly to db" time="0">
            <skipped/>
        </testcase>
        <testcase classname="projects/tests/dbs/mysql.spec.ts" name="mysql &gt; auto increment can&apos;t be affected by insert or update" time="0">
            <skipped/>
        </testcase>
        <testcase classname="projects/tests/dbs/mysql.spec.ts" name="mysql &gt; Paging" time="0">
            <skipped/>
        </testcase>
        <testcase classname="projects/tests/dbs/mysql.spec.ts" name="mysql &gt; filter" time="0">
            <skipped/>
        </testcase>
        <testcase classname="projects/tests/dbs/mysql.spec.ts" name="mysql &gt; filter 2_1" time="0">
            <skipped/>
        </testcase>
        <testcase classname="projects/tests/dbs/mysql.spec.ts" name="mysql &gt; filter 2" time="0">
            <skipped/>
        </testcase>
        <testcase classname="projects/tests/dbs/mysql.spec.ts" name="mysql &gt; filter 3" time="0">
            <skipped/>
        </testcase>
        <testcase classname="projects/tests/dbs/mysql.spec.ts" name="mysql &gt; filter 4" time="0">
            <skipped/>
        </testcase>
        <testcase classname="projects/tests/dbs/mysql.spec.ts" name="mysql &gt; large string field" time="0">
            <skipped/>
        </testcase>
        <testcase classname="projects/tests/dbs/mysql.spec.ts" name="mysql &gt; task with enum string" time="0">
            <skipped/>
        </testcase>
        <testcase classname="projects/tests/dbs/mysql.spec.ts" name="mysql &gt; test transaction rollback" time="0">
            <skipped/>
        </testcase>
        <testcase classname="projects/tests/dbs/mysql.spec.ts" name="mysql &gt; transactions" time="0">
            <skipped/>
        </testcase>
        <testcase classname="projects/tests/dbs/mysql.spec.ts" name="mysql &gt; transactions 1" time="0">
            <skipped/>
        </testcase>
        <testcase classname="projects/tests/dbs/mysql.spec.ts" name="mysql &gt; transaction should fully rollback if one fail" time="0">
            <skipped/>
        </testcase>
        <testcase classname="projects/tests/dbs/mysql.spec.ts" name="mysql &gt; test date" time="0">
            <skipped/>
        </testcase>
[...]
        </testcase>
        <testcase classname="projects/tests/tests/test-data-api/predefined-filter.spec.ts" name="data api &gt; put id 1 works with predefined filterand shouldnt return anything" time="0.002">
        </testcase>
        <testcase classname="projects/tests/tests/test-data-api/predefined-filter.spec.ts" name="data api &gt; put id 1 works with predefined filterand shouldnt return anything" time="0.001">
        </testcase>
        <testcase classname="projects/tests/tests/test-data-api/predefined-filter.spec.ts" name="data api &gt; getArray works with predefined filter" time="0.004">
        </testcase>
        <testcase classname="projects/tests/tests/test-data-api/predefined-filter.spec.ts" name="data api &gt; getArray works with predefined filter1 " time="0.001">
        </testcase>
        <testcase classname="projects/tests/tests/test-data-api/predefined-filter.spec.ts" name="data api &gt; getArray works with predefined filter 2" time="0.001">
        </testcase>
        <testcase classname="projects/tests/tests/test-data-api/predefined-filter.spec.ts" name="data api &gt; getArray works with predefined filter 3" time="0.003">
        </testcase>
        <testcase classname="projects/tests/tests/test-data-api/predefined-filter.spec.ts" name="data api &gt; getArray works with predefined filter 3 inherit" time="0.002">
        </testcase>
        <testcase classname="projects/tests/tests/test-data-api/predefined-filter.spec.ts" name="data api &gt; getArray works with predefined filter 4" time="0.002">
        </testcase>
        <testcase classname="projects/tests/tests/test-data-api/predefined-filter.spec.ts" name="data api &gt; getArray works with predefined filter and inheritance" time="0.001">
        </testcase>
        <testcase classname="projects/tests/tests/test-data-api/predefined-filter.spec.ts" name="data api &gt; works with predefined Entity Filter" time="0.001">
        </testcase>
        <testcase classname="projects/tests/tests/test-data-api/predefined-filter.spec.ts" name="works with predefined Entity Filter" time="0.001">
        </testcase>
        <testcase classname="projects/tests/tests/test-data-api/predefined-filter.spec.ts" name="works with predefined Entity Filter lambda" time="0.002">
        </testcase>
        <testcase classname="projects/tests/tests/test-data-api/predefined-filter.spec.ts" name="backend filter only works on backend" time="0.002">
        </testcase>
    </testsuite>
    <testsuite name="projects/tests/tests/test-data-api/test-put-with-validation.spec.ts" timestamp="2023-12-25T12:58:03.067Z" hostname="Noamnew2018" tests="6" failures="0" errors="0" skipped="0" time="0.016">
        <testcase classname="projects/tests/tests/test-data-api/test-put-with-validation.spec.ts" name="data api &gt; put with validations fails" time="0.01">
        </testcase>
        <testcase classname="projects/tests/tests/test-data-api/test-put-with-validation.spec.ts" name="data api &gt; post with validation fails" time="0.001">
        </testcase>
        <testcase classname="projects/tests/tests/test-data-api/test-put-with-validation.spec.ts" name="data api &gt; allow column update based on new row only" time="0.001">
        </testcase>
        <testcase classname="projects/tests/tests/test-data-api/test-put-with-validation.spec.ts" name="data api &gt; allow column update based on specific value" time="0.002">
        </testcase>
        <testcase classname="projects/tests/tests/test-data-api/test-put-with-validation.spec.ts" name="data api &gt; test value list type" time="0">
        </testcase>
        <testcase classname="projects/tests/tests/test-data-api/test-put-with-validation.spec.ts" name="Test validation with exception &gt; " time="0.001">
        </testcase>
    </testsuite>
    <testsuite name="projects/tests/tests/relations/test-to-one-relation-variatons/test-one-relation-without-field.spec.ts" timestamp="2023-12-25T12:58:03.069Z" hostname="Noamnew2018" tests="11" failures="0" errors="0" skipped="0" time="0.036">
        <testcase classname="projects/tests/tests/relations/test-to-one-relation-variatons/test-one-relation-without-field.spec.ts" name="test that update only has updated fields" time="0.014">
        </testcase>
        <testcase classname="projects/tests/tests/relations/test-to-one-relation-variatons/test-one-relation-without-field.spec.ts" name="test one &gt; test derived many" time="0.004">
        </testcase>
        <testcase classname="projects/tests/tests/relations/test-to-one-relation-variatons/test-one-relation-without-field.spec.ts" name="test one &gt; test insert" time="0.004">
        </testcase>
        <testcase classname="projects/tests/tests/relations/test-to-one-relation-variatons/test-one-relation-without-field.spec.ts" name="test one &gt; test update" time="0.002">
        </testcase>
        <testcase classname="projects/tests/tests/relations/test-to-one-relation-variatons/test-one-relation-without-field.spec.ts" name="test one &gt; test repo update" time="0.002">
        </testcase>
        <testcase classname="projects/tests/tests/relations/test-to-one-relation-variatons/test-one-relation-without-field.spec.ts" name="test one &gt; test repo save" time="0.002">
        </testcase>
        <testcase classname="projects/tests/tests/relations/test-to-one-relation-variatons/test-one-relation-without-field.spec.ts" name="test one &gt; test repo update b" time="0.001">
        </testcase>
        <testcase classname="projects/tests/tests/relations/test-to-one-relation-variatons/test-one-relation-without-field.spec.ts" name="test one &gt; test repo save b" time="0.002">
        </testcase>
        <testcase classname="projects/tests/tests/relations/test-to-one-relation-variatons/test-one-relation-without-field.spec.ts" name="test one &gt; test repo update c" time="0.001">
        </testcase>
        <testcase classname="projects/tests/tests/relations/test-to-one-relation-variatons/test-one-relation-without-field.spec.ts" name="test one &gt; test repo save c" time="0.001">
        </testcase>
        <testcase classname="projects/tests/tests/relations/test-to-one-relation-variatons/test-one-relation-without-field.spec.ts" name="test one &gt; test filter" time="0.002">
        </testcase>
    </testsuite>
    <testsuite name="projects/tests/tests/relations/test-to-one-relation-variatons/test-one-relations-with-compound-id.spec.ts" timestamp="2023-12-25T12:58:03.071Z" hostname="Noamnew2018" tests="16" failures="0" errors="0" skipped="0" time="0.044">
        <testcase classname="projects/tests/tests/relations/test-to-one-relation-variatons/test-one-relations-with-compound-id.spec.ts" name="test one &gt; test derived many" time="0.012">
        </testcase>
        <testcase classname="projects/tests/tests/relations/test-to-one-relation-variatons/test-one-relations-with-compound-id.spec.ts" name="test one &gt; test id" time="0.001">
        </testcase>
        <testcase classname="projects/tests/tests/relations/test-to-one-relation-variatons/test-one-relations-with-compound-id.spec.ts" name="test one &gt; test insert" time="0.002">
        </testcase>
        <testcase classname="projects/tests/tests/relations/test-to-one-relation-variatons/test-one-relations-with-compound-id.spec.ts" name="test one &gt; test update" time="0.003">
        </testcase>
        <testcase classname="projects/tests/tests/relations/test-to-one-relation-variatons/test-one-relations-with-compound-id.spec.ts" name="test one &gt; test repo update" time="0.005">
        </testcase>
        <testcase classname="projects/tests/tests/relations/test-to-one-relation-variatons/test-one-relations-with-compound-id.spec.ts" name="test one &gt; test repo save" time="0.002">
        </testcase>
        <testcase classname="projects/tests/tests/relations/test-to-one-relation-variatons/test-one-relations-with-compound-id.spec.ts" name="test one &gt; test repo update b" time="0.003">
        </testcase>
        <testcase classname="projects/tests/tests/relations/test-to-one-relation-variatons/test-one-relations-with-compound-id.spec.ts" name="test one &gt; test repo save b" time="0.002">
        </testcase>
        <testcase classname="projects/tests/tests/relations/test-to-one-relation-variatons/test-one-relations-with-compound-id.spec.ts" name="test one &gt; test repo update c" time="0.001">
        </testcase>
        <testcase classname="projects/tests/tests/relations/test-to-one-relation-variatons/test-one-relations-with-compound-id.spec.ts" name="test one &gt; test repo save c" time="0.001">
        </testcase>
        <testcase classname="projects/tests/tests/relations/test-to-one-relation-variatons/test-one-relations-with-compound-id.spec.ts" name="test one &gt; test filter equal to json" time="0.001">
        </testcase>
        <testcase classname="projects/tests/tests/relations/test-to-one-relation-variatons/test-one-relations-with-compound-id.spec.ts" name="test one &gt; test filter in to json" time="0.001">
        </testcase>
        <testcase classname="projects/tests/tests/relations/test-to-one-relation-variatons/test-one-relations-with-compound-id.spec.ts" name="test one &gt; test filter in to json b" time="0.003">
        </testcase>
        <testcase classname="projects/tests/tests/relations/test-to-one-relation-variatons/test-one-relations-with-compound-id.spec.ts" name="test one &gt; test filter not equal to json" time="0.001">
        </testcase>
        <testcase classname="projects/tests/tests/relations/test-to-one-relation-variatons/test-one-relations-with-compound-id.spec.ts" name="test one &gt; test filter not equal i to json" time="0.001">
        </testcase>
        <testcase classname="projects/tests/tests/relations/test-to-one-relation-variatons/test-one-relations-with-compound-id.spec.ts" name="test one &gt; test filter" time="0.003">
        </testcase>
    </testsuite>
    <testsuite name="projects/tests/tests/relations/test-to-one-relation-variatons/test-one-relations-with-fields.spec.ts" timestamp="2023-12-25T12:58:03.075Z" hostname="Noamnew2018" tests="15" failures="0" errors="0" skipped="0" time="0.036">
        <testcase classname="projects/tests/tests/relations/test-to-one-relation-variatons/test-one-relations-with-fields.spec.ts" name="test one &gt; test derived many" time="0.012">
        </testcase>
        <testcase classname="projects/tests/tests/relations/test-to-one-relation-variatons/test-one-relations-with-fields.spec.ts" name="test one &gt; test insert" time="0.002">
        </testcase>
        <testcase classname="projects/tests/tests/relations/test-to-one-relation-variatons/test-one-relations-with-fields.spec.ts" name="test one &gt; test update" time="0.002">
        </testcase>
        <testcase classname="projects/tests/tests/relations/test-to-one-relation-variatons/test-one-relations-with-fields.spec.ts" name="test one &gt; test repo update" time="0.002">
        </testcase>
        <testcase classname="projects/tests/tests/relations/test-to-one-relation-variatons/test-one-relations-with-fields.spec.ts" name="test one &gt; test repo save" time="0.001">
        </testcase>
        <testcase classname="projects/tests/tests/relations/test-to-one-relation-variatons/test-one-relations-with-fields.spec.ts" name="test one &gt; test repo update b" time="0.002">
        </testcase>
        <testcase classname="projects/tests/tests/relations/test-to-one-relation-variatons/test-one-relations-with-fields.spec.ts" name="test one &gt; test repo save b" time="0.002">
        </testcase>
        <testcase classname="projects/tests/tests/relations/test-to-one-relation-variatons/test-one-relations-with-fields.spec.ts" name="test one &gt; test repo update c" time="0.001">
        </testcase>
        <testcase classname="projects/tests/tests/relations/test-to-one-relation-variatons/test-one-relations-with-fields.spec.ts" name="test one &gt; test repo save c" time="0.001">
        </testcase>
        <testcase classname="projects/tests/tests/relations/test-to-one-relation-variatons/test-one-relations-with-fields.spec.ts" name="test one &gt; test filter equal to json" time="0.001">
        </testcase>
        <testcase classname="projects/tests/tests/relations/test-to-one-relation-variatons/test-one-relations-with-fields.spec.ts" name="test one &gt; test filter in to json" time="0.002">
        </testcase>
        <testcase classname="projects/tests/tests/relations/test-to-one-relation-variatons/test-one-relations-with-fields.spec.ts" name="test one &gt; test filter not equal to json" time="0.001">
        </testcase>
        <testcase classname="projects/tests/tests/relations/test-to-one-relation-variatons/test-one-relations-with-fields.spec.ts" name="test one &gt; test filter not equal in to json" time="0.001">
        </testcase>
        <testcase classname="projects/tests/tests/relations/test-to-one-relation-variatons/test-one-relations-with-fields.spec.ts" name="test one &gt; test filter" time="0.003">
        </testcase>
        <testcase classname="projects/tests/tests/relations/test-to-one-relation-variatons/test-one-relations-with-fields.spec.ts" name="test one &gt; test sort" time="0.002">
        </testcase>
    </testsuite>
    <testsuite name="projects/tests/tests/relations/test-to-one-relation-variatons/test-one-relations.spec.ts" timestamp="2023-12-25T12:58:03.077Z" hostname="Noamnew2018" tests="21" failures="0" errors="0" skipped="0" time="0.073">
        <testcase classname="projects/tests/tests/relations/test-to-one-relation-variatons/test-one-relations.spec.ts" name="test one &gt; test derived many" time="0.019">
        </testcase>
        <testcase classname="projects/tests/tests/relations/test-to-one-relation-variatons/test-one-relations.spec.ts" name="test one &gt; test insert" time="0.007">
        </testcase>
        <testcase classname="projects/tests/tests/relations/test-to-one-relation-variatons/test-one-relations.spec.ts" name="test one &gt; test update" time="0.001">
        </testcase>
        <testcase classname="projects/tests/tests/relations/test-to-one-relation-variatons/test-one-relations.spec.ts" name="test one &gt; test repo update" time="0.002">
        </testcase>
        <testcase classname="projects/tests/tests/relations/test-to-one-relation-variatons/test-one-relations.spec.ts" name="test one &gt; test repo save" time="0.002">
        </testcase>
        <testcase classname="projects/tests/tests/relations/test-to-one-relation-variatons/test-one-relations.spec.ts" name="test one &gt; test repo update b" time="0.001">
        </testcase>
        <testcase classname="projects/tests/tests/relations/test-to-one-relation-variatons/test-one-relations.spec.ts" name="test one &gt; test repo save b" time="0.002">
        </testcase>
        <testcase classname="projects/tests/tests/relations/test-to-one-relation-variatons/test-one-relations.spec.ts" name="test one &gt; test repo update c" time="0.002">
        </testcase>
        <testcase classname="projects/tests/tests/relations/test-to-one-relation-variatons/test-one-relations.spec.ts" name="test one &gt; test repo save c" time="0.002">
        </testcase>
        <testcase classname="projects/tests/tests/relations/test-to-one-relation-variatons/test-one-relations.spec.ts" name="test one &gt; test filter equal to json" time="0.002">
        </testcase>
        <testcase classname="projects/tests/tests/relations/test-to-one-relation-variatons/test-one-relations.spec.ts" name="test one &gt; test filter in to json" time="0.001">
        </testcase>
        <testcase classname="projects/tests/tests/relations/test-to-one-relation-variatons/test-one-relations.spec.ts" name="test one &gt; test filter in to json c" time="0.001">
        </testcase>
        <testcase classname="projects/tests/tests/relations/test-to-one-relation-variatons/test-one-relations.spec.ts" name="test one &gt; test filter in to json b" time="0.001">
        </testcase>
        <testcase classname="projects/tests/tests/relations/test-to-one-relation-variatons/test-one-relations.spec.ts" name="test one &gt; test filter in to json b" time="0.001">
        </testcase>
        <testcase classname="projects/tests/tests/relations/test-to-one-relation-variatons/test-one-relations.spec.ts" name="test one &gt; test filter not equal to json" time="0.002">
        </testcase>
        <testcase classname="projects/tests/tests/relations/test-to-one-relation-variatons/test-one-relations.spec.ts" name="test one &gt; test filter not equal i to json" time="0.002">
        </testcase>
        <testcase classname="projects/tests/tests/relations/test-to-one-relation-variatons/test-one-relations.spec.ts" name="test one &gt; test filter" time="0.003">
        </testcase>
        <testcase classname="projects/tests/tests/relations/test-to-one-relation-variatons/test-one-relations.spec.ts" name="test one &gt; test sort" time="0.001">
        </testcase>
        <testcase classname="projects/tests/tests/relations/test-to-one-relation-variatons/test-one-relations.spec.ts" name="test one &gt; test more than one relation" time="0.009">
        </testcase>
        <testcase classname="projects/tests/tests/relations/test-to-one-relation-variatons/test-one-relations.spec.ts" name="test one &gt; test api of to one" time="0.001">
        </testcase>
        <testcase classname="projects/tests/tests/relations/test-to-one-relation-variatons/test-one-relations.spec.ts" name="test one &gt; test what reaches the db" time="0.003">
        </testcase>
    </testsuite>
    <testsuite name="projects/tests/tests/relations/test-to-one-relation-variatons/test-relations-on-api.spec.ts" timestamp="2023-12-25T12:58:03.081Z" hostname="Noamnew2018" tests="9" failures="0" errors="0" skipped="0" time="0.023">
        <testcase classname="projects/tests/tests/relations/test-to-one-relation-variatons/test-relations-on-api.spec.ts" name="Test relations on api &gt; shouldn&apos;t return defaultIncluded in api" time="0.01">
        </testcase>
        <testcase classname="projects/tests/tests/relations/test-to-one-relation-variatons/test-relations-on-api.spec.ts" name="Test relations on api &gt; shouldn&apos;t return defaultIncluded in api to many get array" time="0.001">
        </testcase>
        <testcase classname="projects/tests/tests/relations/test-to-one-relation-variatons/test-relations-on-api.spec.ts" name="Test relations on api &gt; shouldn&apos;t return defaultIncluded in api to many update" time="0.004">
        </testcase>
        <testcase classname="projects/tests/tests/relations/test-to-one-relation-variatons/test-relations-on-api.spec.ts" name="Test relations on api &gt; shouldn&apos;t return defaultIncluded in api to many" time="0.001">
        </testcase>
        <testcase classname="projects/tests/tests/relations/test-to-one-relation-variatons/test-relations-on-api.spec.ts" name="Test relations on api &gt; should return a value" time="0.001">
        </testcase>
        <testcase classname="projects/tests/tests/relations/test-to-one-relation-variatons/test-relations-on-api.spec.ts" name="Test relations on api &gt; should return a value too" time="0">
        </testcase>
        <testcase classname="projects/tests/tests/relations/test-to-one-relation-variatons/test-relations-on-api.spec.ts" name="Test relations on api &gt; should return a value too b" time="0.001">
        </testcase>
        <testcase classname="projects/tests/tests/relations/test-to-one-relation-variatons/test-relations-on-api.spec.ts" name="Test relations on api &gt; should return a value too c" time="0.002">
        </testcase>
        <testcase classname="projects/tests/tests/relations/test-to-one-relation-variatons/test-relations-on-api.spec.ts" name="Test relations on api &gt; override default included" time="0.002">
        </testcase>
    </testsuite>
</testsuites>
